[2026-03-28 21:13:45] === Podcast Preparation Script ===
[2026-03-28 21:13:45] Date: 2026-03-28
[2026-03-28 21:13:45] Dry run: False
[2026-03-28 21:13:45] Episode for 2026-03-28 already exists!
[2026-03-29 10:24:47] === Generate Podcast Episode ===
[2026-03-29 10:24:47] Date: 2026-03-28
[2026-03-29 10:24:47] Episode approved, starting generation...
[2026-03-29 10:24:47] Transcript loaded from /home/markus/.openclaw/workspace/markus/scripts/cache/podcast-2026-03-28-transcript.txt (15180 chars)
[2026-03-29 10:24:47] Summary file not found: /home/markus/.openclaw/workspace/markus/scripts/cache/podcast-2026-03-28-summary.txt
[2026-03-29 10:24:47] Please write the summary using the OpenClaw bot first.
[2026-03-29 10:25:48] === Generate Podcast Episode ===
[2026-03-29 10:25:48] Date: 2026-03-28
[2026-03-29 10:25:48] Episode approved, starting generation...
[2026-03-29 10:25:48] Transcript loaded from /home/markus/.openclaw/workspace/markus/scripts/cache/podcast-2026-03-28-transcript.txt (15180 chars)
[2026-03-29 10:25:48] Summary loaded from /home/markus/.openclaw/workspace/markus/scripts/cache/podcast-2026-03-28-summary.txt
[2026-03-29 10:25:48] Generating audio with Piper TTS (sentence by sentence)...
[2026-03-29 10:25:48] Loading voice model: /home/markus/.openclaw/workspace/markus/scripts/voices/de_DE-thorsten-high.onnx
[2026-03-29 10:25:51] Processing 107 sentences...
[2026-03-29 10:36:23] Merging 107 segments...
[2026-03-29 10:36:25] Exporting to /home/markus/.openclaw/workspace/markus/public/podcast/audio/2026-03-28.mp3...
[2026-03-29 10:36:29] Audio generation error: Expecting value: line 1 column 1 (char 0)
[2026-03-29 10:36:29] Placeholder audio created: /home/markus/.openclaw/workspace/markus/public/podcast/audio/2026-03-28.mp3
[2026-03-29 10:36:29] Duration calculation error: Expecting value: line 1 column 1 (char 0)
[2026-03-29 10:36:29] Episode saved to /home/markus/.openclaw/workspace/markus/content/podcast/episodes.json
[2026-03-29 10:36:29] Git commit and push...
[2026-03-29 10:36:30] Git push successful
[2026-03-29 10:36:30] Episode generation completed successfully!
[2026-03-29 10:38:29] === Generate Podcast Episode ===
[2026-03-29 10:38:29] Date: 2026-03-28
[2026-03-29 10:38:29] Cache status is 'completed', expected 'pending' or 'approved'. Aborting.
[2026-03-29 10:41:13] === Generate Podcast Episode ===
[2026-03-29 10:41:13] Date: 2026-03-28
[2026-03-29 10:41:13] Episode approved, starting generation...
[2026-03-29 10:41:13] Transcript loaded from /home/markus/.openclaw/workspace/markus/scripts/cache/podcast-2026-03-28-transcript.txt (15180 chars)
[2026-03-29 10:41:13] Summary loaded from /home/markus/.openclaw/workspace/markus/scripts/cache/podcast-2026-03-28-summary.txt
[2026-03-29 10:41:13] Generating audio with Piper TTS (sentence by sentence)...
[2026-03-29 10:41:13] Loading voice model: /home/markus/.openclaw/workspace/markus/scripts/voices/de_DE-thorsten-high.onnx
[2026-03-29 10:41:16] Processing 107 sentences...
[2026-03-29 10:51:55] Merging 107 segments...
[2026-03-29 10:51:55] Converting to MP3...
[2026-03-29 10:51:58] Audio generated: /home/markus/.openclaw/workspace/markus/public/podcast/audio/2026-03-28.mp3 (13:52)
[2026-03-29 10:51:58] Duration calculation error: Expecting value: line 1 column 1 (char 0)
[2026-03-29 10:51:58] Episode saved to /home/markus/.openclaw/workspace/markus/content/podcast/episodes.json
[2026-03-29 10:51:58] Git commit and push...
[2026-03-29 10:52:02] Git push successful
[2026-03-29 10:52:02] Episode generation completed successfully!
