  [1/107] Willkommen bei Energie Weekly, Ihrem Podcast für die neueste...
  [2/107] Ich freue mich sehr, dass Sie heute wieder dabei sind und ic...
  [3/107] Heute ist Samstag, der 28....
  [4/107] März 2026, und es gibt wieder viel zu besprechen....
  [5/107] Bevor wir in die einzelnen Themen eintauchen, möchte ich Ihn...
  [6/107] Die europäische Energiewende bleibt weiterhin das beherrsche...
  [7/107] In Österreich hat die Regierung massive Pläne für den Ausbau...
  [8/107] In Deutschland rücken Batteriespeicher immer stärker in den ...
  [9/107] International sehen wir besorgniserregende Entwicklungen bei...
  [10/107] Und in Großbritannien gibt es kontroverse Diskussionen um di...
  [11/107] Lassen Sie uns nun tiefer in die einzelnen Themen eintauchen...
  [12/107] Das erste große Thema dieser Woche aus Österreich dreht sich...
  [13/107] Die österreichische Regierung hat ein sogenanntes Erneuerbar...
  [14/107] Die Maßnahmen umfassen sowohl neue Förderprogramme als auch ...
  [15/107] Dies ist ein wichtiger Schritt, denn Österreich hat im verga...
  [16/107] Wurden in früheren Jahren noch über zwei Gigawatt neu instal...
  [17/107] Dieser Rückgang ist besorgniserregend und zeigt, dass trotz ...
  [18/107] Experten führen diesen Rückgang auf verschiedene Faktoren zu...
  [19/107] Die Regierung will nun mit dem neuen Gesetz gezielt gegenste...
  [20/107] Das ist ein ehrgeiziges Ziel, aber bei entsprechendem politi...
  [21/107] Besonders wichtig ist dabei die Frage der Speicherung, denn ...
  [22/107] Hier setzt das Gesetz ebenfalls an und fördert sowohl dezent...
  [23/107] Eng verbunden mit dem Thema Erneuerbare ist der sogenannte E...
  [24/107] Dieser Begriff beschreibt den fundamentalen Konflikt zwische...
  [25/107] Auf der einen Seite stehen die etablierten Energiekonzerne, ...
  [26/107] Sie argumentieren, dass ein zu schneller Ausbau der erneuerb...
  [27/107] Auf der anderen Seite drängen neue Akteure mit erneuerbaren ...
  [28/107] Dieser Kampf tobt nicht nur in den Vorstandsetagen der große...
  [29/107] Lobbyisten der fossilen Industrie setzen sich für verlängert...
  [30/107] Diese Debatte wird uns noch über Jahre beschäftigen, denn es...
  [31/107] Die einen wollen den Übergang kontrolliert gestalten, die an...
  [32/107] Wechseln wir nun nach Deutschland, wo diese Woche mehrere sp...
  [33/107] Batteriespeicher gelten als einer der Schlüsselbausteine für...
  [34/107] Ohne ausreichende Speicherkapazität kann der erzeugte grüne ...
  [35/107] Doch trotz ihres großen Potenzials kommen viele Speicherproj...
  [36/107] Ein Podcast des Photovoltaik-Magazins hat sich diese Woche i...
  [37/107] Die Gründe für die Schwierigkeiten sind vielfältig: Netzbetr...
  [38/107] Hinzu kommen komplexe regulatorische Anforderungen, die lang...
  [39/107] Auch technische Herausforderungen wie die richtige Dimension...
  [40/107] Besonders kritisch ist die Frage der Netzanbindung: Viele Sp...
  [41/107] Ein besonders interessanter Aspekt ist der Markt für Momenta...
  [42/107] Dabei handelt es sich um eine wichtige Dienstleistung für di...
  [43/107] Betreiber von Batteriespeichern können ihre Anlagen gegen En...
  [44/107] Das ist besonders wertvoll, da schwankende erneuerbare Einsp...
  [45/107] Aktuellen Analysen zufolge könnten Speicherbetreiber in güns...
  [46/107] Diese Zusatzerlöse könnten die Wirtschaftlichkeit von Speich...
  [47/107] Ein weiteres faszinierendes Thema aus Deutschland ist die Ag...
  [48/107] Traditionell konkurrieren Freiflächen-Photovoltaikanlagen mi...
  [49/107] Agri-Photovoltaik bietet eine innovative Lösung für dieses D...
  [50/107] Besonders vielversprechend sind dabei Tracker-Systeme, die d...
  [51/107] Diese Technologie ermöglicht eine sogenannte Doppelnutzung d...
  [52/107] Für Landwirte kann dies eine zusätzliche Einkommensquelle da...
  [53/107] Erste Pilotprojekte zeigen vielversprechende Ergebnisse, sow...
  [54/107] In manchen Fällen konnte sogar ein positiver Effekt auf das ...
  [55/107] Dies ist besonders in Zeiten des Klimawandels von großer Bed...
  [56/107] Aus China kommt eine überraschende Nachricht, die zeigt, wie...
  [57/107] Sinkende Spritpreise könnten dort einen neuen Boom bei Elekt...
  [58/107] Waren Elektrofahrzeuge in China bisher vor allem wegen staat...
  [59/107] Experten erwarten einen deutlichen Anstieg der E-Auto-Verkäu...
  [60/107] Diese Entwicklung ist nicht nur für den chinesischen Markt v...
  [61/107] China ist der größte Automobilmarkt der Welt und der größte ...
  [62/107] Ein schnellerer Umstieg auf Elektromobilität in China würde ...
  [63/107] Auch die Batterieindustrie profitiert von den Skaleneffekten...
  [64/107] Die Elektromobilität ist damit ein wichtiger Baustein im glo...
  [65/107] International gab es diese Woche besonders besorgniserregend...
  [66/107] Das Meereis hat einen neuen Tiefstand erreicht, und zwar nic...
  [67/107] Wissenschaftler bezeichnen diese Entwicklung als sehr alarmi...
  [68/107] Das Schmelzen des Arktis-Eises ist nicht nur ein lokales Pro...
  [69/107] Wenn das Eis schmilzt, wird weniger Sonnenlicht reflektiert ...
  [70/107] Dieser Teufelskreis wird als Eis-Albedo-Rückkopplung bezeich...
  [71/107] Die Arktis erwärmt sich bereits heute drei bis viermal schne...
  [72/107] Die Folgen sind auch für uns in Europa spürbar, denn die Ver...
  [73/107] Die Erwärmung führt zu Veränderungen in der Jetstream-Strömu...
  [74/107] Aus Indien kommen hingegen etwas ermutigendere Nachrichten, ...
  [75/107] Die Emissionen Indiens sind im Jahr 2025 so langsam gewachse...
  [76/107] Konkret betrug das Wachstum nur 0,5 Prozent im zweiten Halbj...
  [77/107] Das ist überraschend, denn Indien ist eines der am schnellst...
  [78/107] Experten führen diese Entwicklung auf mehrere Faktoren zurüc...
  [79/107] Indien hat sich ambitionierte Klimaziele gesetzt und arbeite...
  [80/107] Das Land hat auch ein neues Klimaabkommen im Rahmen des Pari...
  [81/107] Die internationale Gemeinschaft beobachtet diese Entwicklung...
  [82/107] Wenn Indien seine Emissionen erfolgreich reduzieren kann, wä...
  [83/107] Kritik gab es diese Woche an Großbritannien, wo die Regierun...
  [84/107] Konkret ist von einer Halbierung die Rede....
  [85/107] Das ist ein sehr negatives Signal, denn die Industrieländer ...
  [86/107] Gerade die ärmsten und klimasensibelsten Länder sind besonde...
  [87/107] Diese Klimagerechtigkeitsdebatte ist einer der schwierigsten...
  [88/107] Die Frage, wer für den Klimawandel verantwortlich ist und we...
  [89/107] Eine Kürzung der Klimafinanzierung durch Großbritannien würd...
  [90/107] Es bleibt zu hoffen, dass die internationale Gemeinschaft ei...
  [91/107] Ein interessanter Faktencheck beschäftigte sich diese Woche ...
  [92/107] In einer ausführlichen Analyse wurden neun verbreitete Behau...
  [93/107] Solche Faktenchecks sind außerordentlich wichtig, denn die ö...
  [94/107] Unternehmen und Lobbygruppen haben ein Interesse daran, das ...
  [95/107] Ein faktenbasierter Diskurs ist daher unerlässlich, wenn wir...
  [96/107] Die Fakten zeigen klar: Neue Öl- und Gasfelder in der Nordse...
  [97/107] Die vorhandenen Reserven reichen aus, um den erwarteten Beda...
  [98/107] Auch die Arbeitsplätze in der fossilen Industrie könnten dur...
  [99/107] Bevor wir zum Ende kommen, möchte ich noch einen kurzen Blic...
  [100/107] Die Verhandlungen um die europäische Taxonomie werden weiter...
  [101/107] Insbesondere die Frage, wie der Gebäudesektor klimaneutral g...
  [102/107] Auch die Energiepreise werden weiterhin ein zentrales Thema ...
  [103/107] Das war's für heute bei Energie Weekly....
  [104/107] Ich hoffe, Sie hatten Spaß beim Zuhören und haben einige neu...
  [105/107] Wenn Ihnen der Podcast gefällt, dann teilen Sie ihn gerne mi...
  [106/107] Ich würde mich auch sehr über Feedback freuen, sei es über S...
  [107/107] Bis zur nächsten Episode wünsche ich Ihnen eine gute Woche u...
  [1/107] Willkommen bei Energie Weekly, Ihrem Podcast für die neueste...
  [2/107] Ich freue mich sehr, dass Sie heute wieder dabei sind und ic...
  [3/107] Heute ist Samstag, der 28....
  [4/107] März 2026, und es gibt wieder viel zu besprechen....
  [5/107] Bevor wir in die einzelnen Themen eintauchen, möchte ich Ihn...
  [6/107] Die europäische Energiewende bleibt weiterhin das beherrsche...
  [7/107] In Österreich hat die Regierung massive Pläne für den Ausbau...
  [8/107] In Deutschland rücken Batteriespeicher immer stärker in den ...
  [9/107] International sehen wir besorgniserregende Entwicklungen bei...
  [10/107] Und in Großbritannien gibt es kontroverse Diskussionen um di...
  [11/107] Lassen Sie uns nun tiefer in die einzelnen Themen eintauchen...
  [12/107] Das erste große Thema dieser Woche aus Österreich dreht sich...
  [13/107] Die österreichische Regierung hat ein sogenanntes Erneuerbar...
  [14/107] Die Maßnahmen umfassen sowohl neue Förderprogramme als auch ...
  [15/107] Dies ist ein wichtiger Schritt, denn Österreich hat im verga...
  [16/107] Wurden in früheren Jahren noch über zwei Gigawatt neu instal...
  [17/107] Dieser Rückgang ist besorgniserregend und zeigt, dass trotz ...
  [18/107] Experten führen diesen Rückgang auf verschiedene Faktoren zu...
  [19/107] Die Regierung will nun mit dem neuen Gesetz gezielt gegenste...
  [20/107] Das ist ein ehrgeiziges Ziel, aber bei entsprechendem politi...
  [21/107] Besonders wichtig ist dabei die Frage der Speicherung, denn ...
  [22/107] Hier setzt das Gesetz ebenfalls an und fördert sowohl dezent...
  [23/107] Eng verbunden mit dem Thema Erneuerbare ist der sogenannte E...
  [24/107] Dieser Begriff beschreibt den fundamentalen Konflikt zwische...
  [25/107] Auf der einen Seite stehen die etablierten Energiekonzerne, ...
  [26/107] Sie argumentieren, dass ein zu schneller Ausbau der erneuerb...
  [27/107] Auf der anderen Seite drängen neue Akteure mit erneuerbaren ...
  [28/107] Dieser Kampf tobt nicht nur in den Vorstandsetagen der große...
  [29/107] Lobbyisten der fossilen Industrie setzen sich für verlängert...
  [30/107] Diese Debatte wird uns noch über Jahre beschäftigen, denn es...
  [31/107] Die einen wollen den Übergang kontrolliert gestalten, die an...
  [32/107] Wechseln wir nun nach Deutschland, wo diese Woche mehrere sp...
  [33/107] Batteriespeicher gelten als einer der Schlüsselbausteine für...
  [34/107] Ohne ausreichende Speicherkapazität kann der erzeugte grüne ...
  [35/107] Doch trotz ihres großen Potenzials kommen viele Speicherproj...
  [36/107] Ein Podcast des Photovoltaik-Magazins hat sich diese Woche i...
  [37/107] Die Gründe für die Schwierigkeiten sind vielfältig: Netzbetr...
  [38/107] Hinzu kommen komplexe regulatorische Anforderungen, die lang...
  [39/107] Auch technische Herausforderungen wie die richtige Dimension...
  [40/107] Besonders kritisch ist die Frage der Netzanbindung: Viele Sp...
  [41/107] Ein besonders interessanter Aspekt ist der Markt für Momenta...
  [42/107] Dabei handelt es sich um eine wichtige Dienstleistung für di...
  [43/107] Betreiber von Batteriespeichern können ihre Anlagen gegen En...
  [44/107] Das ist besonders wertvoll, da schwankende erneuerbare Einsp...
  [45/107] Aktuellen Analysen zufolge könnten Speicherbetreiber in güns...
  [46/107] Diese Zusatzerlöse könnten die Wirtschaftlichkeit von Speich...
  [47/107] Ein weiteres faszinierendes Thema aus Deutschland ist die Ag...
  [48/107] Traditionell konkurrieren Freiflächen-Photovoltaikanlagen mi...
  [49/107] Agri-Photovoltaik bietet eine innovative Lösung für dieses D...
  [50/107] Besonders vielversprechend sind dabei Tracker-Systeme, die d...
  [51/107] Diese Technologie ermöglicht eine sogenannte Doppelnutzung d...
  [52/107] Für Landwirte kann dies eine zusätzliche Einkommensquelle da...
  [53/107] Erste Pilotprojekte zeigen vielversprechende Ergebnisse, sow...
  [54/107] In manchen Fällen konnte sogar ein positiver Effekt auf das ...
  [55/107] Dies ist besonders in Zeiten des Klimawandels von großer Bed...
  [56/107] Aus China kommt eine überraschende Nachricht, die zeigt, wie...
  [57/107] Sinkende Spritpreise könnten dort einen neuen Boom bei Elekt...
  [58/107] Waren Elektrofahrzeuge in China bisher vor allem wegen staat...
  [59/107] Experten erwarten einen deutlichen Anstieg der E-Auto-Verkäu...
  [60/107] Diese Entwicklung ist nicht nur für den chinesischen Markt v...
  [61/107] China ist der größte Automobilmarkt der Welt und der größte ...
  [62/107] Ein schnellerer Umstieg auf Elektromobilität in China würde ...
  [63/107] Auch die Batterieindustrie profitiert von den Skaleneffekten...
  [64/107] Die Elektromobilität ist damit ein wichtiger Baustein im glo...
  [65/107] International gab es diese Woche besonders besorgniserregend...
  [66/107] Das Meereis hat einen neuen Tiefstand erreicht, und zwar nic...
  [67/107] Wissenschaftler bezeichnen diese Entwicklung als sehr alarmi...
  [68/107] Das Schmelzen des Arktis-Eises ist nicht nur ein lokales Pro...
  [69/107] Wenn das Eis schmilzt, wird weniger Sonnenlicht reflektiert ...
  [70/107] Dieser Teufelskreis wird als Eis-Albedo-Rückkopplung bezeich...
  [71/107] Die Arktis erwärmt sich bereits heute drei bis viermal schne...
  [72/107] Die Folgen sind auch für uns in Europa spürbar, denn die Ver...
  [73/107] Die Erwärmung führt zu Veränderungen in der Jetstream-Strömu...
  [74/107] Aus Indien kommen hingegen etwas ermutigendere Nachrichten, ...
  [75/107] Die Emissionen Indiens sind im Jahr 2025 so langsam gewachse...
  [76/107] Konkret betrug das Wachstum nur 0,5 Prozent im zweiten Halbj...
  [77/107] Das ist überraschend, denn Indien ist eines der am schnellst...
  [78/107] Experten führen diese Entwicklung auf mehrere Faktoren zurüc...
  [79/107] Indien hat sich ambitionierte Klimaziele gesetzt und arbeite...
  [80/107] Das Land hat auch ein neues Klimaabkommen im Rahmen des Pari...
  [81/107] Die internationale Gemeinschaft beobachtet diese Entwicklung...
  [82/107] Wenn Indien seine Emissionen erfolgreich reduzieren kann, wä...
  [83/107] Kritik gab es diese Woche an Großbritannien, wo die Regierun...
  [84/107] Konkret ist von einer Halbierung die Rede....
  [85/107] Das ist ein sehr negatives Signal, denn die Industrieländer ...
  [86/107] Gerade die ärmsten und klimasensibelsten Länder sind besonde...
  [87/107] Diese Klimagerechtigkeitsdebatte ist einer der schwierigsten...
  [88/107] Die Frage, wer für den Klimawandel verantwortlich ist und we...
  [89/107] Eine Kürzung der Klimafinanzierung durch Großbritannien würd...
  [90/107] Es bleibt zu hoffen, dass die internationale Gemeinschaft ei...
  [91/107] Ein interessanter Faktencheck beschäftigte sich diese Woche ...
  [92/107] In einer ausführlichen Analyse wurden neun verbreitete Behau...
  [93/107] Solche Faktenchecks sind außerordentlich wichtig, denn die ö...
  [94/107] Unternehmen und Lobbygruppen haben ein Interesse daran, das ...
  [95/107] Ein faktenbasierter Diskurs ist daher unerlässlich, wenn wir...
  [96/107] Die Fakten zeigen klar: Neue Öl- und Gasfelder in der Nordse...
  [97/107] Die vorhandenen Reserven reichen aus, um den erwarteten Beda...
  [98/107] Auch die Arbeitsplätze in der fossilen Industrie könnten dur...
  [99/107] Bevor wir zum Ende kommen, möchte ich noch einen kurzen Blic...
  [100/107] Die Verhandlungen um die europäische Taxonomie werden weiter...
  [101/107] Insbesondere die Frage, wie der Gebäudesektor klimaneutral g...
  [102/107] Auch die Energiepreise werden weiterhin ein zentrales Thema ...
  [103/107] Das war's für heute bei Energie Weekly....
  [104/107] Ich hoffe, Sie hatten Spaß beim Zuhören und haben einige neu...
  [105/107] Wenn Ihnen der Podcast gefällt, dann teilen Sie ihn gerne mi...
  [106/107] Ich würde mich auch sehr über Feedback freuen, sei es über S...
  [107/107] Bis zur nächsten Episode wünsche ich Ihnen eine gute Woche u...
