  [1/59] Schreibe einen deutschen Podcast-Text für "Energie...
  [11/59] Quelle: PV Magazine
Titel: Bundesnetzagentur leite...
  [21/59] Für Batteriespeicher eröffnet sich damit eine <a c...
  [31/59] Das Unternehmen richtet seine Strategie neu aus un...
  [41/59] Quelle: PV Magazine
Titel: Studie sieht Weltmarkt ...
  [51/59] Quelle: Carbon Brief
Titel: DeBriefed 27 Mach 2026...
  [1/59] Schreibe einen deutschen Podcast-Text für "Energie...
  [11/59] Quelle: PV Magazine
Titel: Bundesnetzagentur leite...
  [21/59] Für Batteriespeicher eröffnet sich damit eine <a c...
  [31/59] Das Unternehmen richtet seine Strategie neu aus un...
  [41/59] Quelle: PV Magazine
Titel: Studie sieht Weltmarkt ...
  [51/59] Quelle: Carbon Brief
Titel: DeBriefed 27 Mach 2026...
  [1/59] Schreibe einen deutschen Podcast-Text für "Energie...
  [11/59] Quelle: PV Magazine
Titel: Bundesnetzagentur leite...
  [21/59] Für Batteriespeicher eröffnet sich damit eine <a c...
  [31/59] Das Unternehmen richtet seine Strategie neu aus un...
  [41/59] Quelle: PV Magazine
Titel: Studie sieht Weltmarkt ...
  [51/59] Quelle: Carbon Brief
Titel: DeBriefed 27 Mach 2026...
